sparm->C: 0.100000
Reading training examples...feature dimension: 69
total utterence:10 done
Iter 1: *(NumConst=1, SV=1, CEps=320.1000, QPEps=0.0000)
Iter 2: *(NumConst=2, SV=2, CEps=370.4675, QPEps=0.0000)
Iter 3: *(NumConst=3, SV=3, CEps=656.8793, QPEps=0.0000)
Iter 4: *(NumConst=4, SV=4, CEps=710.4336, QPEps=0.0000)
Iter 5: *(NumConst=5, SV=4, CEps=654.8181, QPEps=0.0000)
Iter 6: *(NumConst=6, SV=5, CEps=594.9752, QPEps=0.0000)
Iter 7: *(NumConst=7, SV=6, CEps=582.4812, QPEps=0.0000)
Iter 8: *(NumConst=8, SV=7, CEps=676.4139, QPEps=0.0000)
Iter 9: *(NumConst=9, SV=8, CEps=713.3574, QPEps=0.0000)
Iter 10: *(NumConst=10, SV=8, CEps=675.0192, QPEps=0.0000)
Iter 11: *(NumConst=11, SV=9, CEps=590.2551, QPEps=0.0000)
Iter 12: *(NumConst=12, SV=10, CEps=563.4181, QPEps=0.0000)
Iter 13: *(NumConst=13, SV=11, CEps=547.9152, QPEps=1.0700)
Iter 14: *(NumConst=14, SV=12, CEps=521.2650, QPEps=25.2965)
Iter 15: *(NumConst=15, SV=12, CEps=485.8586, QPEps=14.7472)
Iter 16: *(NumConst=16, SV=13, CEps=358.1386, QPEps=47.8145)
Iter 17: *(NumConst=17, SV=14, CEps=327.7057, QPEps=33.9052)
Iter 18: *(NumConst=18, SV=15, CEps=358.3266, QPEps=34.3117)
Iter 19: *(NumConst=19, SV=15, CEps=284.8314, QPEps=29.4400)
Iter 20: *(NumConst=20, SV=14, CEps=266.5244, QPEps=32.8825)
Iter 21: *(NumConst=21, SV=15, CEps=211.6622, QPEps=48.0446)
Iter 22: *(NumConst=22, SV=16, CEps=229.8791, QPEps=27.9620)
Iter 23: *(NumConst=23, SV=17, CEps=221.8599, QPEps=41.6329)
Iter 24: *(NumConst=24, SV=18, CEps=218.4568, QPEps=47.0871)
Iter 25: *(NumConst=25, SV=19, CEps=208.0707, QPEps=34.3676)
Iter 26: *(NumConst=26, SV=20, CEps=181.5781, QPEps=48.6752)
Iter 27: *(NumConst=27, SV=20, CEps=145.7616, QPEps=43.3808)
Iter 28: *(NumConst=28, SV=21, CEps=151.6119, QPEps=38.2863)
Iter 29: *(NumConst=29, SV=21, CEps=134.6555, QPEps=49.2680)
Iter 30: *(NumConst=30, SV=19, CEps=125.1750, QPEps=49.4995)
Iter 31: *(NumConst=31, SV=20, CEps=109.0781, QPEps=40.6057)
Iter 32: *(NumConst=32, SV=21, CEps=110.3305, QPEps=42.1121)
Iter 33: *(NumConst=33, SV=22, CEps=101.1107, QPEps=44.4366)
Iter 34: *(NumConst=34, SV=23, CEps=96.4419, QPEps=45.5109)
Iter 35: *(NumConst=35, SV=23, CEps=81.8838, QPEps=38.1786)
Iter 36: *(NumConst=36, SV=24, CEps=81.7229, QPEps=35.7819)
Iter 37: *(NumConst=37, SV=25, CEps=88.0491, QPEps=37.9420)
Iter 38: *(NumConst=38, SV=26, CEps=82.7247, QPEps=37.4807)
Iter 39: *(NumConst=39, SV=27, CEps=89.2973, QPEps=37.5676)
Iter 40: *(NumConst=40, SV=27, CEps=88.2264, QPEps=39.4031)
Iter 41: *(NumConst=41, SV=28, CEps=69.5655, QPEps=29.1043)
Iter 42: *(NumConst=42, SV=28, CEps=69.7086, QPEps=27.0195)
Iter 43: *(NumConst=43, SV=29, CEps=67.8210, QPEps=30.1437)
Iter 44: *(NumConst=44, SV=29, CEps=68.5647, QPEps=30.8504)
Iter 45: *(NumConst=45, SV=29, CEps=57.6733, QPEps=27.9273)
Iter 46: *(NumConst=46, SV=28, CEps=52.7527, QPEps=20.4686)
Iter 47: *(NumConst=47, SV=29, CEps=69.1324, QPEps=21.5455)
Iter 48: *(NumConst=48, SV=29, CEps=50.4760, QPEps=24.8261)
Iter 49: *(NumConst=49, SV=29, CEps=48.2778, QPEps=21.6307)
Iter 50: *(NumConst=50, SV=30, CEps=62.2856, QPEps=21.2397)
Iter 51: *(NumConst=51, SV=31, CEps=53.6196, QPEps=23.0832)
Iter 52: *(NumConst=52, SV=31, CEps=58.9348, QPEps=23.6860)
Iter 53: *(NumConst=53, SV=31, CEps=52.8539, QPEps=23.7052)
Iter 54: *(NumConst=53, SV=32, CEps=51.8173, QPEps=22.5203)
Iter 55: *(NumConst=54, SV=33, CEps=43.7299, QPEps=15.2322)
Iter 56: *(NumConst=55, SV=32, CEps=37.3690, QPEps=13.8123)
Iter 57: *(NumConst=56, SV=33, CEps=35.8406, QPEps=15.4778)
Iter 58: *(NumConst=57, SV=32, CEps=40.5621, QPEps=16.5610)
Iter 59: *(NumConst=57, SV=32, CEps=38.6042, QPEps=15.5350)
Iter 60: *(NumConst=58, SV=32, CEps=28.9251, QPEps=11.6167)
Iter 61: *(NumConst=59, SV=33, CEps=33.4790, QPEps=13.9285)
Iter 62: *(NumConst=60, SV=32, CEps=29.6339, QPEps=12.8937)
Iter 63: *(NumConst=61, SV=33, CEps=40.9854, QPEps=11.0746)
Iter 64: *(NumConst=61, SV=34, CEps=28.9267, QPEps=13.9547)
Iter 65: *(NumConst=62, SV=34, CEps=24.9443, QPEps=11.7704)
Iter 66: *(NumConst=63, SV=35, CEps=31.4870, QPEps=12.4241)
Iter 67: *(NumConst=64, SV=34, CEps=29.8100, QPEps=10.3558)
Iter 68: *(NumConst=64, SV=35, CEps=27.0623, QPEps=11.1117)
Iter 69: *(NumConst=63, SV=36, CEps=27.0574, QPEps=11.2663)
Iter 70: *(NumConst=64, SV=34, CEps=31.5858, QPEps=8.6041)
Iter 71: *(NumConst=65, SV=35, CEps=25.9136, QPEps=9.4830)
Iter 72: *(NumConst=66, SV=34, CEps=26.6608, QPEps=12.0287)
Iter 73: *(NumConst=67, SV=35, CEps=25.4328, QPEps=11.6309)
Iter 74: *(NumConst=68, SV=36, CEps=24.5849, QPEps=11.7468)
Iter 75: *(NumConst=69, SV=36, CEps=22.2288, QPEps=9.9544)
Iter 76: *(NumConst=69, SV=36, CEps=25.3161, QPEps=9.7539)
Iter 77: *(NumConst=70, SV=37, CEps=18.9017, QPEps=8.7280)
Iter 78: *(NumConst=71, SV=38, CEps=23.4262, QPEps=8.6511)
Iter 79: *(NumConst=69, SV=38, CEps=19.2435, QPEps=9.0978)
Iter 80: *(NumConst=69, SV=38, CEps=22.7771, QPEps=8.8662)
Iter 81: *(NumConst=70, SV=39, CEps=23.1377, QPEps=7.0436)
Iter 82: *(NumConst=71, SV=40, CEps=20.1418, QPEps=9.3994)
Iter 83: *(NumConst=72, SV=38, CEps=18.7481, QPEps=8.1288)
Iter 84: *(NumConst=72, SV=39, CEps=19.9554, QPEps=9.2590)
Iter 85: *(NumConst=73, SV=39, CEps=17.7273, QPEps=6.8468)
Iter 86: *(NumConst=74, SV=39, CEps=18.6150, QPEps=7.8340)
Iter 87: *(NumConst=75, SV=40, CEps=14.8397, QPEps=6.0128)
Iter 88: *(NumConst=76, SV=41, CEps=14.7219, QPEps=6.9272)
Iter 89: *(NumConst=76, SV=41, CEps=15.0437, QPEps=7.1484)
Iter 90: *(NumConst=77, SV=40, CEps=12.3187, QPEps=6.1537)
Iter 91: *(NumConst=77, SV=40, CEps=13.5362, QPEps=5.7882)
Iter 92: *(NumConst=78, SV=40, CEps=12.0122, QPEps=5.9609)
Iter 93: *(NumConst=78, SV=40, CEps=12.3030, QPEps=4.9587)
Iter 94: *(NumConst=78, SV=41, CEps=12.2054, QPEps=5.3688)
Iter 95: *(NumConst=77, SV=42, CEps=15.6431, QPEps=5.6222)
Iter 96: *(NumConst=78, SV=43, CEps=12.7959, QPEps=5.7180)
Iter 97: *(NumConst=78, SV=39, CEps=11.4168, QPEps=5.4386)
Iter 98: *(NumConst=78, SV=38, CEps=10.1455, QPEps=4.7138)
Iter 99: *(NumConst=79, SV=39, CEps=13.2551, QPEps=4.4268)
Iter 100: *(NumConst=80, SV=40, CEps=10.4108, QPEps=4.4898)
Iter 101: *(NumConst=80, SV=41, CEps=11.5492, QPEps=4.9921)
Iter 102: *(NumConst=80, SV=41, CEps=10.6801, QPEps=4.9538)
Iter 103: *(NumConst=81, SV=42, CEps=11.1313, QPEps=4.8865)
Iter 104: *(NumConst=82, SV=42, CEps=11.3052, QPEps=4.9371)
Iter 105: *(NumConst=81, SV=42, CEps=12.5839, QPEps=4.6394)
Iter 106: *(NumConst=82, SV=43, CEps=14.6695, QPEps=4.9999)
Iter 107: *(NumConst=81, SV=43, CEps=9.5029, QPEps=4.5793)
Iter 108: *(NumConst=81, SV=43, CEps=11.7976, QPEps=4.2316)
Iter 109: *(NumConst=81, SV=44, CEps=9.1735, QPEps=4.1020)
Iter 110: *(NumConst=82, SV=44, CEps=11.2927, QPEps=4.1505)
Iter 111: *(NumConst=81, SV=44, CEps=8.7135, QPEps=3.4048)
Iter 112: *(NumConst=82, SV=45, CEps=9.9954, QPEps=4.0716)
Iter 113: *(NumConst=83, SV=45, CEps=7.6468, QPEps=3.5820)
Iter 114: *(NumConst=83, SV=45, CEps=10.1060, QPEps=3.7993)
Iter 115: *(NumConst=84, SV=46, CEps=7.7550, QPEps=3.7870)
Iter 116: *(NumConst=83, SV=46, CEps=6.7979, QPEps=2.9069)
Iter 117: *(NumConst=84, SV=46, CEps=8.5933, QPEps=2.9830)
Iter 118: *(NumConst=85, SV=46, CEps=8.5673, QPEps=3.1624)
Iter 119: *(NumConst=83, SV=46, CEps=6.6516, QPEps=2.9678)
Iter 120: *(NumConst=84, SV=45, CEps=8.2622, QPEps=2.7648)
Iter 121: *(NumConst=83, SV=46, CEps=6.1067, QPEps=2.6420)
Iter 122: *(NumConst=84, SV=47, CEps=8.1722, QPEps=3.0065)
Iter 123: *(NumConst=85, SV=47, CEps=8.6929, QPEps=2.8458)
Iter 124: *(NumConst=85, SV=48, CEps=7.5866, QPEps=2.8660)
Iter 125: *(NumConst=85, SV=46, CEps=7.4715, QPEps=2.9103)
Iter 126: *(NumConst=86, SV=47, CEps=6.2195, QPEps=2.9400)
Iter 127: *(NumConst=87, SV=47, CEps=7.5310, QPEps=2.6251)
Iter 128: *(NumConst=87, SV=46, CEps=5.5269, QPEps=2.5398)
Iter 129: *(NumConst=87, SV=46, CEps=5.5477, QPEps=2.7510)
Iter 130: *(NumConst=88, SV=46, CEps=6.7450, QPEps=2.0046)
Iter 131: *(NumConst=89, SV=45, CEps=6.2712, QPEps=2.3987)
Iter 132: *(NumConst=87, SV=45, CEps=6.8284, QPEps=2.5057)
Iter 133: *(NumConst=88, SV=45, CEps=5.1384, QPEps=2.4196)
Iter 134: *(NumConst=88, SV=45, CEps=4.4861, QPEps=2.0549)
Iter 135: *(NumConst=88, SV=45, CEps=5.2290, QPEps=2.1532)
Iter 136: *(NumConst=89, SV=45, CEps=4.8912, QPEps=2.1638)
Iter 137: *(NumConst=90, SV=45, CEps=4.9855, QPEps=2.1060)
Iter 138: *(NumConst=90, SV=46, CEps=4.7856, QPEps=2.0023)
Iter 139: *(NumConst=89, SV=46, CEps=5.6298, QPEps=2.0948)
Iter 140: *(NumConst=89, SV=47, CEps=4.8633, QPEps=2.2295)
Iter 141: *(NumConst=89, SV=48, CEps=5.4472, QPEps=2.0604)
Iter 142: *(NumConst=89, SV=49, CEps=3.8637, QPEps=1.9202)
Iter 143: *(NumConst=90, SV=49, CEps=4.3911, QPEps=1.8996)
Iter 144: *(NumConst=91, SV=49, CEps=5.6747, QPEps=1.4839)
Iter 145: *(NumConst=92, SV=50, CEps=4.6702, QPEps=1.6909)
Iter 146: *(NumConst=88, SV=51, CEps=3.9322, QPEps=1.8025)
Iter 147: *(NumConst=87, SV=51, CEps=4.8890, QPEps=1.8770)
Iter 148: *(NumConst=88, SV=51, CEps=4.2795, QPEps=1.9131)
Iter 149: *(NumConst=89, SV=51, CEps=4.0473, QPEps=1.7843)
Iter 150: *(NumConst=90, SV=52, CEps=4.0302, QPEps=1.7995)
Iter 151: *(NumConst=90, SV=52, CEps=4.0411, QPEps=1.5815)
Iter 152: *(NumConst=91, SV=52, CEps=4.1083, QPEps=1.7121)
Iter 153: *(NumConst=91, SV=51, CEps=3.3558, QPEps=1.3146)
Iter 154: *(NumConst=91, SV=51, CEps=3.9600, QPEps=1.4735)
Iter 155: *(NumConst=92, SV=52, CEps=3.5945, QPEps=1.5987)
Iter 156: *(NumConst=92, SV=50, CEps=3.2750, QPEps=1.6036)
Iter 157: *(NumConst=92, SV=51, CEps=3.4616, QPEps=1.4580)
Iter 158: *(NumConst=93, SV=52, CEps=3.3378, QPEps=1.5511)
Iter 159: *(NumConst=93, SV=52, CEps=3.2176, QPEps=1.3017)
Iter 160: *(NumConst=93, SV=51, CEps=2.7724, QPEps=1.3851)
Iter 161: *(NumConst=94, SV=52, CEps=3.2365, QPEps=1.3271)
Iter 162: *(NumConst=94, SV=51, CEps=3.4544, QPEps=1.3166)
Iter 163: *(NumConst=94, SV=52, CEps=2.7544, QPEps=1.3057)
Iter 164: *(NumConst=95, SV=53, CEps=3.5942, QPEps=1.2719)
Iter 165: *(NumConst=95, SV=53, CEps=3.2261, QPEps=1.3705)
Iter 166: *(NumConst=95, SV=54, CEps=3.0896, QPEps=1.3217)
Iter 167: *(NumConst=95, SV=54, CEps=3.0987, QPEps=1.2155)
Iter 168: *(NumConst=95, SV=55, CEps=3.3289, QPEps=1.3621)
Iter 169: *(NumConst=94, SV=55, CEps=3.2807, QPEps=1.3094)
Iter 170: *(NumConst=95, SV=56, CEps=3.1781, QPEps=1.0967)
Iter 171: *(NumConst=96, SV=56, CEps=2.7812, QPEps=1.3647)
Iter 172: *(NumConst=96, SV=56, CEps=2.3830, QPEps=1.1389)
Iter 173: *(NumConst=97, SV=57, CEps=2.7037, QPEps=1.0168)
Iter 174: *(NumConst=95, SV=58, CEps=3.2208, QPEps=1.1215)
Iter 175: *(NumConst=96, SV=56, CEps=2.4628, QPEps=1.1683)
Iter 176: *(NumConst=96, SV=57, CEps=2.1600, QPEps=0.9865)
Iter 177: *(NumConst=95, SV=58, CEps=2.6952, QPEps=1.0606)
Iter 178: *(NumConst=95, SV=58, CEps=2.5713, QPEps=1.0173)
Iter 179: *(NumConst=95, SV=59, CEps=2.8839, QPEps=1.0357)
Iter 180: *(NumConst=94, SV=59, CEps=2.8851, QPEps=1.0340)
Iter 181: *(NumConst=94, SV=60, CEps=2.6687, QPEps=0.9271)
Iter 182: *(NumConst=94, SV=60, CEps=2.4042, QPEps=1.0635)
Iter 183: *(NumConst=94, SV=58, CEps=2.6629, QPEps=1.0510)
Iter 184: *(NumConst=94, SV=59, CEps=2.1227, QPEps=1.0465)
Iter 185: *(NumConst=94, SV=59, CEps=2.5585, QPEps=0.9511)
Iter 186: *(NumConst=94, SV=60, CEps=2.2293, QPEps=0.9095)
Iter 187: *(NumConst=95, SV=60, CEps=2.3198, QPEps=0.8802)
Iter 188: *(NumConst=95, SV=61, CEps=2.3276, QPEps=1.0404)
Iter 189: *(NumConst=96, SV=61, CEps=2.0393, QPEps=0.9042)
Iter 190: *(NumConst=97, SV=61, CEps=1.9047, QPEps=0.9035)
Iter 191: *(NumConst=98, SV=61, CEps=1.7115, QPEps=0.7463)
Iter 192: *(NumConst=98, SV=62, CEps=1.6413, QPEps=0.7987)
Iter 193: *(NumConst=98, SV=63, CEps=1.7320, QPEps=0.8198)
Iter 194: *(NumConst=99, SV=63, CEps=1.9310, QPEps=0.7043)
Iter 195: *(NumConst=100, SV=64, CEps=2.0389, QPEps=0.8184)
Iter 196: *(NumConst=100, SV=64, CEps=1.7730, QPEps=0.7422)
Iter 197: *(NumConst=100, SV=66, CEps=1.9278, QPEps=0.8153)
Iter 198: *(NumConst=100, SV=67, CEps=1.7417, QPEps=0.7699)
Iter 199: *(NumConst=101, SV=67, CEps=1.3623, QPEps=0.6446)
Iter 200: *(NumConst=101, SV=67, CEps=1.7918, QPEps=0.6147)
Iter 201: *(NumConst=101, SV=66, CEps=1.8748, QPEps=0.6509)
Iter 202: *(NumConst=100, SV=66, CEps=1.6701, QPEps=0.6177)
Iter 203: *(NumConst=100, SV=66, CEps=1.6191, QPEps=0.5438)
Iter 204: *(NumConst=101, SV=66, CEps=1.6286, QPEps=0.4808)
Iter 205: *(NumConst=99, SV=67, CEps=1.4854, QPEps=0.6015)
Iter 206: *(NumConst=100, SV=65, CEps=1.3638, QPEps=0.6209)
Iter 207: *(NumConst=101, SV=65, CEps=1.4640, QPEps=0.6290)
Iter 208: *(NumConst=101, SV=66, CEps=1.4178, QPEps=0.6558)
Iter 209: *(NumConst=100, SV=67, CEps=1.4406, QPEps=0.6566)
Iter 210: *(NumConst=101, SV=66, CEps=1.1625, QPEps=0.5751)
Iter 211: *(NumConst=100, SV=67, CEps=1.3252, QPEps=0.5709)
Iter 212: *(NumConst=101, SV=68, CEps=1.2875, QPEps=0.5231)
Iter 213: *(NumConst=102, SV=67, CEps=1.4484, QPEps=0.5678)
Iter 214: *(NumConst=102, SV=68, CEps=1.1893, QPEps=0.5799)
Iter 215: *(NumConst=103, SV=69, CEps=1.4964, QPEps=0.5803)
Iter 216: *(NumConst=103, SV=70, CEps=1.4260, QPEps=0.5807)
Iter 217: *(NumConst=104, SV=71, CEps=1.3010, QPEps=0.5165)
Iter 218: *(NumConst=104, SV=70, CEps=1.1028, QPEps=0.5251)
Iter 219: *(NumConst=105, SV=71, CEps=1.2960, QPEps=0.5022)
Iter 220: *(NumConst=105, SV=72, CEps=1.1909, QPEps=0.5505)
Iter 221: *(NumConst=105, SV=72, CEps=1.2488, QPEps=0.5448)
Iter 222: *(NumConst=106, SV=72, CEps=1.2323, QPEps=0.4822)
Iter 223: *(NumConst=107, SV=73, CEps=1.2788, QPEps=0.5301)
Iter 224: *(NumConst=105, SV=72, CEps=1.0949, QPEps=0.4361)
Iter 225: *(NumConst=106, SV=73, CEps=1.0780, QPEps=0.5234)
Iter 226: *(NumConst=107, SV=74, CEps=1.1244, QPEps=0.5011)
Iter 227: *(NumConst=107, SV=75, CEps=1.3167, QPEps=0.4684)
Iter 228: *(NumConst=108, SV=74, CEps=0.8886, QPEps=0.4210)
Iter 229: *(NumConst=108, SV=75, CEps=1.0317, QPEps=0.4032)
Iter 230: *(NumConst=109, SV=75, CEps=1.2664, QPEps=0.4202)
Iter 231: *(NumConst=109, SV=76, CEps=0.9973, QPEps=0.4443)
Iter 232: *(NumConst=107, SV=74, CEps=1.0681, QPEps=0.3459)
Iter 233: *(NumConst=108, SV=74, CEps=1.1666, QPEps=0.4088)
Iter 234: *(NumConst=108, SV=74, CEps=0.8877, QPEps=0.4010)
Iter 235: *(NumConst=109, SV=75, CEps=1.0081, QPEps=0.4237)
Iter 236: *(NumConst=109, SV=76, CEps=0.9432, QPEps=0.4335)
Iter 237: *(NumConst=110, SV=77, CEps=1.0784, QPEps=0.4250)
Iter 238: *(NumConst=110, SV=78, CEps=0.8273, QPEps=0.3974)
Iter 239: *(NumConst=110, SV=78, CEps=0.9549, QPEps=0.3880)
Iter 240: *(NumConst=110, SV=77, CEps=1.0224, QPEps=0.4124)
Iter 241: *(NumConst=111, SV=78, CEps=0.9293, QPEps=0.3740)
Iter 242: *(NumConst=112, SV=78, CEps=0.8380, QPEps=0.3910)
Iter 243: *(NumConst=113, SV=79, CEps=0.9032, QPEps=0.4092)
Iter 244: *(NumConst=114, SV=79, CEps=0.9266, QPEps=0.3827)
Iter 245: *(NumConst=114, SV=80, CEps=0.7499, QPEps=0.3673)
Iter 246: *(NumConst=115, SV=81, CEps=1.0067, QPEps=0.3583)
Iter 247: *(NumConst=116, SV=81, CEps=0.8575, QPEps=0.3689)
Iter 248: *(NumConst=116, SV=82, CEps=0.7351, QPEps=0.3565)
Iter 249: *(NumConst=116, SV=82, CEps=0.8933, QPEps=0.3336)
Iter 250: *(NumConst=115, SV=82, CEps=0.8544, QPEps=0.3673)
Iter 251: *(NumConst=115, SV=81, CEps=0.7872, QPEps=0.3335)
Iter 252: *(NumConst=115, SV=82, CEps=0.7527, QPEps=0.3325)
Iter 253: *(NumConst=115, SV=83, CEps=0.7214, QPEps=0.3320)
Iter 254: *(NumConst=116, SV=83, CEps=0.8564, QPEps=0.3070)
Iter 255: *(NumConst=114, SV=83, CEps=0.6673, QPEps=0.3123)
Iter 256: *(NumConst=114, SV=84, CEps=0.7679, QPEps=0.3314)
Iter 257: *(NumConst=115, SV=84, CEps=0.7528, QPEps=0.3244)
Iter 258: *(NumConst=116, SV=84, CEps=0.7545, QPEps=0.3192)
Iter 259: *(NumConst=115, SV=85, CEps=0.6814, QPEps=0.3042)
Iter 260: *(NumConst=116, SV=85, CEps=0.7510, QPEps=0.2935)
Iter 261: *(NumConst=117, SV=86, CEps=0.7103, QPEps=0.3237)
Iter 262: *(NumConst=116, SV=86, CEps=0.6649, QPEps=0.3039)
Iter 263: *(NumConst=117, SV=87, CEps=0.6599, QPEps=0.3090)
Iter 264: *(NumConst=118, SV=87, CEps=0.6635, QPEps=0.2914)
Iter 265: *(NumConst=119, SV=88, CEps=0.7034, QPEps=0.3075)
Iter 266: *(NumConst=120, SV=88, CEps=0.6783, QPEps=0.3074)
Iter 267: *(NumConst=119, SV=88, CEps=0.5850, QPEps=0.2607)
Iter 268: *(NumConst=120, SV=88, CEps=0.6489, QPEps=0.2801)
Iter 269: *(NumConst=121, SV=89, CEps=0.6639, QPEps=0.2631)
Iter 270: *(NumConst=121, SV=90, CEps=0.5813, QPEps=0.2485)
Iter 271: *(NumConst=121, SV=91, CEps=0.6485, QPEps=0.2709)
Iter 272: *(NumConst=122, SV=92, CEps=0.5009, QPEps=0.2301)
Iter 273: *(NumConst=121, SV=93, CEps=0.5127, QPEps=0.2438)
Iter 274: *(NumConst=122, SV=93, CEps=0.5995, QPEps=0.2098)
Iter 275: *(NumConst=123, SV=94, CEps=0.6118, QPEps=0.2446)
Iter 276: *(NumConst=124, SV=94, CEps=0.5986, QPEps=0.2434)
Iter 277: *(NumConst=123, SV=95, CEps=0.6390, QPEps=0.2296)
Iter 278: *(NumConst=124, SV=96, CEps=0.5853, QPEps=0.2428)
Iter 279: *(NumConst=124, SV=97, CEps=0.5630, QPEps=0.2489)
Iter 280: *(NumConst=125, SV=97, CEps=0.5146, QPEps=0.2473)
Iter 281: *(NumConst=123, SV=98, CEps=0.5178, QPEps=0.2365)
Iter 282: *(NumConst=123, SV=98, CEps=0.5234, QPEps=0.2433)
Iter 283: *(NumConst=123, SV=98, CEps=0.4820, QPEps=0.2258)
Iter 284: *(NumConst=124, SV=98, CEps=0.4471, QPEps=0.2209)
Iter 285: *(NumConst=125, SV=98, CEps=0.4690, QPEps=0.2090)
Iter 286: *(NumConst=126, SV=99, CEps=0.6338, QPEps=0.2178)
Iter 287: *(NumConst=127, SV=98, CEps=0.5618, QPEps=0.2074)
Iter 288: *(NumConst=127, SV=98, CEps=0.4750, QPEps=0.2149)
Iter 289: *(NumConst=126, SV=98, CEps=0.4640, QPEps=0.2223)
Iter 290: *(NumConst=127, SV=99, CEps=0.5325, QPEps=0.2226)
Iter 291: *(NumConst=127, SV=99, CEps=0.4453, QPEps=0.2190)
Iter 292: *(NumConst=128, SV=100, CEps=0.5168, QPEps=0.2146)
Iter 293: *(NumConst=128, SV=100, CEps=0.3650, QPEps=0.1644)
Iter 294: *(NumConst=129, SV=101, CEps=0.4188, QPEps=0.1733)
Iter 295: *(NumConst=130, SV=101, CEps=0.4483, QPEps=0.1775)
Iter 296: *(NumConst=130, SV=102, CEps=0.3545, QPEps=0.1756)
Iter 297: *(NumConst=131, SV=103, CEps=0.4216, QPEps=0.1711)
Iter 298: *(NumConst=131, SV=103, CEps=0.4581, QPEps=0.1687)
Iter 299: *(NumConst=131, SV=103, CEps=0.3942, QPEps=0.1715)
Iter 300: *(NumConst=130, SV=104, CEps=0.4102, QPEps=0.1671)
Iter 301: *(NumConst=131, SV=105, CEps=0.4269, QPEps=0.1577)
Iter 302: *(NumConst=132, SV=106, CEps=0.3477, QPEps=0.1663)
Iter 303: *(NumConst=132, SV=107, CEps=0.3052, QPEps=0.1480)
Iter 304: *(NumConst=132, SV=108, CEps=0.4121, QPEps=0.1518)
Iter 305: *(NumConst=133, SV=108, CEps=0.4092, QPEps=0.1513)
Iter 306: *(NumConst=133, SV=109, CEps=0.3897, QPEps=0.1479)
Iter 307: *(NumConst=133, SV=110, CEps=0.3336, QPEps=0.1467)
Iter 308: *(NumConst=134, SV=111, CEps=0.3732, QPEps=0.1447)
Iter 309: *(NumConst=134, SV=111, CEps=0.3700, QPEps=0.1467)
Iter 310: *(NumConst=135, SV=112, CEps=0.3866, QPEps=0.1482)
Iter 311: *(NumConst=135, SV=113, CEps=0.3824, QPEps=0.1427)
Iter 312: *(NumConst=136, SV=114, CEps=0.3595, QPEps=0.1495)
Iter 313: *(NumConst=136, SV=115, CEps=0.3180, QPEps=0.1512)
Iter 314: *(NumConst=137, SV=114, CEps=0.3407, QPEps=0.1392)
Iter 315: *(NumConst=137, SV=114, CEps=0.3260, QPEps=0.1493)
Iter 316: *(NumConst=137, SV=114, CEps=0.3259, QPEps=0.1406)
Iter 317: *(NumConst=137, SV=115, CEps=0.3427, QPEps=0.1511)
Iter 318: *(NumConst=138, SV=116, CEps=0.2783, QPEps=0.1292)
Iter 319: *(NumConst=139, SV=117, CEps=0.3555, QPEps=0.1335)
Iter 320: *(NumConst=140, SV=118, CEps=0.3174, QPEps=0.1379)
Iter 321: *(NumConst=141, SV=117, CEps=0.2885, QPEps=0.1249)
Iter 322: *(NumConst=142, SV=118, CEps=0.3326, QPEps=0.1324)
Iter 323: *(NumConst=142, SV=119, CEps=0.3689, QPEps=0.1319)
Iter 324: *(NumConst=143, SV=119, CEps=0.2885, QPEps=0.1224)
Iter 325: *(NumConst=143, SV=119, CEps=0.2935, QPEps=0.1191)
Iter 326: *(NumConst=144, SV=119, CEps=0.3192, QPEps=0.1323)
Iter 327: *(NumConst=145, SV=119, CEps=0.3155, QPEps=0.1368)
Iter 328: *(NumConst=146, SV=120, CEps=0.2684, QPEps=0.1303)
Iter 329: *(NumConst=146, SV=121, CEps=0.2930, QPEps=0.0953)
Iter 330: *(NumConst=147, SV=120, CEps=0.2573, QPEps=0.1199)
Iter 331: *(NumConst=147, SV=121, CEps=0.2614, QPEps=0.1254)
Iter 332: *(NumConst=147, SV=121, CEps=0.2251, QPEps=0.1123)
Iter 333: *(NumConst=147, SV=122, CEps=0.2805, QPEps=0.1087)
Iter 334: *(NumConst=147, SV=123, CEps=0.2804, QPEps=0.1034)
Iter 335: *(NumConst=148, SV=122, CEps=0.2657, QPEps=0.0972)
Iter 336: *(NumConst=147, SV=122, CEps=0.2214, QPEps=0.1057)
Iter 337: *(NumConst=147, SV=123, CEps=0.2603, QPEps=0.0956)
Iter 338: *(NumConst=147, SV=123, CEps=0.2325, QPEps=0.1073)
Iter 339: *(NumConst=148, SV=124, CEps=0.2321, QPEps=0.1090)
Iter 340: *(NumConst=148, SV=125, CEps=0.2315, QPEps=0.1049)
Iter 341: *(NumConst=149, SV=124, CEps=0.2029, QPEps=0.0922)
Iter 342: *(NumConst=149, SV=125, CEps=0.2429, QPEps=0.0997)
Iter 343: *(NumConst=150, SV=126, CEps=0.2141, QPEps=0.1013)
Iter 344: *(NumConst=150, SV=126, CEps=0.1964, QPEps=0.0963)
Iter 345: *(NumConst=151, SV=127, CEps=0.2108, QPEps=0.0956)
Iter 346: *(NumConst=152, SV=127, CEps=0.1983, QPEps=0.0937)
Iter 347: *(NumConst=152, SV=128, CEps=0.2229, QPEps=0.0956)
Iter 348: *(NumConst=152, SV=128, CEps=0.2043, QPEps=0.0887)
Iter 349: *(NumConst=153, SV=128, CEps=0.2077, QPEps=0.0934)
Iter 350: *(NumConst=154, SV=129, CEps=0.1957, QPEps=0.0978)
Iter 351: *(NumConst=155, SV=130, CEps=0.2233, QPEps=0.0977)
Iter 352: *(NumConst=156, SV=131, CEps=0.1716, QPEps=0.0833)
Iter 353: *(NumConst=157, SV=131, CEps=0.2002, QPEps=0.0770)
Iter 354: *(NumConst=157, SV=132, CEps=0.2041, QPEps=0.0855)
Iter 355: *(NumConst=158, SV=133, CEps=0.1956, QPEps=0.0848)
Iter 356: *(NumConst=159, SV=134, CEps=0.1971, QPEps=0.0766)
Iter 357: *(NumConst=160, SV=135, CEps=0.1725, QPEps=0.0843)
Iter 358: *(NumConst=160, SV=135, CEps=0.2010, QPEps=0.0833)
Iter 359: *(NumConst=161, SV=136, CEps=0.2103, QPEps=0.0849)
Iter 360: *(NumConst=162, SV=136, CEps=0.2126, QPEps=0.0842)
Iter 361: *(NumConst=163, SV=136, CEps=0.2025, QPEps=0.0816)
Iter 362: *(NumConst=164, SV=137, CEps=0.2146, QPEps=0.0739)
Iter 363: *(NumConst=163, SV=138, CEps=0.1888, QPEps=0.0783)
Iter 364: *(NumConst=163, SV=139, CEps=0.1948, QPEps=0.0855)
Iter 365: *(NumConst=163, SV=138, CEps=0.1699, QPEps=0.0773)
Iter 366: *(NumConst=164, SV=137, CEps=0.1718, QPEps=0.0707)
Iter 367: *(NumConst=165, SV=138, CEps=0.1639, QPEps=0.0815)
Iter 368: *(NumConst=166, SV=138, CEps=0.1810, QPEps=0.0815)
Iter 369: *(NumConst=167, SV=138, CEps=0.1824, QPEps=0.0767)
Iter 370: *(NumConst=166, SV=138, CEps=0.1586, QPEps=0.0673)
Iter 371: *(NumConst=167, SV=139, CEps=0.1857, QPEps=0.0619)
Iter 372: *(NumConst=168, SV=140, CEps=0.1723, QPEps=0.0787)
Iter 373: *(NumConst=168, SV=141, CEps=0.1773, QPEps=0.0786)
Iter 374: *(NumConst=168, SV=141, CEps=0.1271, QPEps=0.0622)
Iter 375: *(NumConst=168, SV=142, CEps=0.1747, QPEps=0.0601)
Iter 376: *(NumConst=168, SV=143, CEps=0.1760, QPEps=0.0594)
Iter 377: *(NumConst=169, SV=143, CEps=0.1533, QPEps=0.0571)
Iter 378: *(NumConst=170, SV=144, CEps=0.1645, QPEps=0.0613)
Iter 379: *(NumConst=169, SV=145, CEps=0.1594, QPEps=0.0574)
Iter 380: *(NumConst=170, SV=145, CEps=0.1509, QPEps=0.0624)
Iter 381: *(NumConst=170, SV=146, CEps=0.1597, QPEps=0.0629)
Iter 382: *(NumConst=171, SV=147, CEps=0.1470, QPEps=0.0625)
Iter 383: *(NumConst=172, SV=148, CEps=0.1720, QPEps=0.0609)
Iter 384: *(NumConst=171, SV=148, CEps=0.1495, QPEps=0.0563)
Iter 385: *(NumConst=171, SV=149, CEps=0.1595, QPEps=0.0598)
Iter 386: *(NumConst=172, SV=150, CEps=0.1704, QPEps=0.0618)
Iter 387: *(NumConst=172, SV=150, CEps=0.1552, QPEps=0.0621)
Iter 388: *(NumConst=173, SV=151, CEps=0.1443, QPEps=0.0631)
Iter 389: *(NumConst=174, SV=152, CEps=0.1531, QPEps=0.0533)
Iter 390: *(NumConst=173, SV=153, CEps=0.1433, QPEps=0.0594)
Iter 391: *(NumConst=174, SV=154, CEps=0.1539, QPEps=0.0632)
Iter 392: *(NumConst=175, SV=155, CEps=0.1386, QPEps=0.0624)
Iter 393: *(NumConst=175, SV=156, CEps=0.1458, QPEps=0.0630)
Iter 394: *(NumConst=176, SV=156, CEps=0.1445, QPEps=0.0617)
Iter 395: *(NumConst=176, SV=156, CEps=0.1198, QPEps=0.0568)
Iter 396: *(NumConst=177, SV=156, CEps=0.1402, QPEps=0.0597)
Iter 397: *(NumConst=177, SV=157, CEps=0.1293, QPEps=0.0564)
Iter 398: *(NumConst=177, SV=157, CEps=0.1211, QPEps=0.0585)
Iter 399: *(NumConst=178, SV=158, CEps=0.1320, QPEps=0.0569)
Iter 400: *(NumConst=179, SV=159, CEps=0.1138, QPEps=0.0559)
Iter 401: *(NumConst=180, SV=160, CEps=0.1269, QPEps=0.0473)
Iter 402: *(NumConst=180, SV=161, CEps=0.1227, QPEps=0.0568)
Iter 403: *(NumConst=181, SV=162, CEps=0.1210, QPEps=0.0563)
Iter 404: *(NumConst=182, SV=161, CEps=0.1164, QPEps=0.0533)
Iter 405: *(NumConst=183, SV=161, CEps=0.1058, QPEps=0.0501)
Iter 406: *(NumConst=184, SV=161, CEps=0.1208, QPEps=0.0468)
Iter 407: *(NumConst=184, SV=162, CEps=0.1285, QPEps=0.0493)
Iter 408: *(NumConst=185, SV=163, CEps=0.1196, QPEps=0.0507)
Iter 409: *(NumConst=185, SV=163, CEps=0.1250, QPEps=0.0517)
Iter 410: *(NumConst=185, SV=163, CEps=0.1111, QPEps=0.0480)
Iter 411: *(NumConst=186, SV=164, CEps=0.1231, QPEps=0.0457)
Iter 412: *(NumConst=187, SV=164, CEps=0.1259, QPEps=0.0492)
Iter 413: *(NumConst=188, SV=164, CEps=0.1130, QPEps=0.0505)
Iter 414: *(NumConst=187, SV=164, CEps=0.1139, QPEps=0.0526)
Iter 415: *(NumConst=186, SV=164, CEps=0.1257, QPEps=0.0490)
Iter 416: *(NumConst=187, SV=164, CEps=0.1116, QPEps=0.0522)
Iter 417: *(NumConst=187, SV=164, CEps=0.1093, QPEps=0.0512)
Iter 418: *(NumConst=187, SV=163, CEps=0.0996, QPEps=0.0497)
Iter 419: *(NumConst=187, SV=164, CEps=0.1180, QPEps=0.0481)
Iter 420: *(NumConst=188, SV=165, CEps=0.0911, QPEps=0.0441)
Iter 421: *(NumConst=189, SV=165, CEps=0.1118, QPEps=0.0423)
Iter 422: *(NumConst=190, SV=164, CEps=0.1278, QPEps=0.0454)
Iter 423: *(NumConst=190, SV=164, CEps=0.1172, QPEps=0.0447)
Iter 424: *(NumConst=191, SV=165, CEps=0.1105, QPEps=0.0454)
Iter 425: *(NumConst=192, SV=165, CEps=0.0891, QPEps=0.0430)
Iter 426: *(NumConst=192, SV=166, CEps=0.1025, QPEps=0.0433)
Iter 427: *(NumConst=193, SV=167, CEps=0.1095, QPEps=0.0445)
Iter 428: *(NumConst=194, SV=168, CEps=0.0936, QPEps=0.0436)
Iter 429: *(NumConst=194, SV=169, CEps=0.1053, QPEps=0.0436)
Iter 430: *(NumConst=195, SV=170, CEps=0.1148, QPEps=0.0376)
Iter 431: *(NumConst=196, SV=170, CEps=0.1032, QPEps=0.0445)
Iter 432: *(NumConst=197, SV=170, CEps=0.0855, QPEps=0.0387)
Iter 433: *(NumConst=197, SV=171, CEps=0.1051, QPEps=0.0376)
Iter 434: *(NumConst=198, SV=171, CEps=0.0888, QPEps=0.0417)
Iter 435: *(NumConst=199, SV=172, CEps=0.0990, QPEps=0.0414)
Iter 436: *(NumConst=199, SV=172, CEps=0.0821, QPEps=0.0409)
Iter 437: *(NumConst=200, SV=173, CEps=0.1023, QPEps=0.0396)
Iter 438: *(NumConst=201, SV=174, CEps=0.1005, QPEps=0.0396)
Iter 439: *(NumConst=202, SV=175, CEps=0.0939, QPEps=0.0397)
Iter 440: *(NumConst=203, SV=176, CEps=0.0943, QPEps=0.0395)
Iter 441: *(NumConst=204, SV=175, CEps=0.0788, QPEps=0.0382)
Iter 442: *(NumConst=205, SV=176, CEps=0.0983, QPEps=0.0393)
Iter 443: *(NumConst=205, SV=177, CEps=0.0726, QPEps=0.0347)
Iter 444: *(NumConst=205, SV=178, CEps=0.0966, QPEps=0.0360)
Iter 445: *(NumConst=205, SV=179, CEps=0.0770, QPEps=0.0344)
Iter 446: *(NumConst=206, SV=180, CEps=0.0759, QPEps=0.0322)
Iter 447: *(NumConst=206, SV=181, CEps=0.0793, QPEps=0.0353)
Iter 448: *(NumConst=207, SV=180, CEps=0.0876, QPEps=0.0353)
Iter 449: *(NumConst=208, SV=181, CEps=0.0888, QPEps=0.0324)
Iter 450: *(NumConst=209, SV=182, CEps=0.0784, QPEps=0.0362)
Iter 451: *(NumConst=210, SV=183, CEps=0.0759, QPEps=0.0357)
Iter 452: *(NumConst=211, SV=184, CEps=0.0748, QPEps=0.0355)
Iter 453: *(NumConst=210, SV=184, CEps=0.0676, QPEps=0.0290)
Iter 454: *(NumConst=210, SV=185, CEps=0.0804, QPEps=0.0302)
Iter 455: *(NumConst=210, SV=186, CEps=0.0678, QPEps=0.0321)
Iter 456: *(NumConst=211, SV=187, CEps=0.0629, QPEps=0.0314)
Iter 457: *(NumConst=212, SV=188, CEps=0.0731, QPEps=0.0307)
Iter 458: *(NumConst=212, SV=189, CEps=0.0707, QPEps=0.0308)
Iter 459: *(NumConst=212, SV=190, CEps=0.0732, QPEps=0.0311)
Iter 460: *(NumConst=213, SV=190, CEps=0.0837, QPEps=0.0297)
Iter 461: *(NumConst=213, SV=191, CEps=0.0717, QPEps=0.0292)
Iter 462: *(NumConst=213, SV=192, CEps=0.0739, QPEps=0.0288)
Iter 463: *(NumConst=213, SV=193, CEps=0.0681, QPEps=0.0306)
Iter 464: *(NumConst=213, SV=194, CEps=0.0719, QPEps=0.0298)
Iter 465: *(NumConst=213, SV=195, CEps=0.0627, QPEps=0.0271)
Iter 466: *(NumConst=213, SV=196, CEps=0.0640, QPEps=0.0296)
Iter 467: *(NumConst=212, SV=197, CEps=0.0661, QPEps=0.0300)
Iter 468: *(NumConst=213, SV=198, CEps=0.0612, QPEps=0.0303)
Iter 469: *(NumConst=214, SV=199, CEps=0.0607, QPEps=0.0304)
Iter 470: *(NumConst=214, SV=200, CEps=0.0763, QPEps=0.0298)
Iter 471: *(NumConst=213, SV=201, CEps=0.0672, QPEps=0.0302)
Iter 472: *(NumConst=213, SV=200, CEps=0.0659, QPEps=0.0287)
Iter 473: *(NumConst=214, SV=201, CEps=0.0681, QPEps=0.0298)
Iter 474: *(NumConst=214, SV=202, CEps=0.0676, QPEps=0.0271)
Iter 475: *(NumConst=215, SV=203, CEps=0.0580, QPEps=0.0288)
Iter 476: *(NumConst=216, SV=204, CEps=0.0678, QPEps=0.0280)
Iter 477: *(NumConst=217, SV=205, CEps=0.0567, QPEps=0.0278)
Iter 478: *(NumConst=218, SV=204, CEps=0.0622, QPEps=0.0281)
Iter 479: *(NumConst=219, SV=205, CEps=0.0609, QPEps=0.0275)
Iter 480: *(NumConst=219, SV=206, CEps=0.0617, QPEps=0.0268)
Iter 481: *(NumConst=219, SV=207, CEps=0.0571, QPEps=0.0281)
Iter 482: *(NumConst=220, SV=207, CEps=0.0528, QPEps=0.0251)
Iter 483: *(NumConst=220, SV=208, CEps=0.0598, QPEps=0.0217)
Iter 484: *(NumConst=221, SV=209, CEps=0.0532, QPEps=0.0248)
Iter 485: *(NumConst=221, SV=210, CEps=0.0615, QPEps=0.0228)
Iter 486: *(NumConst=222, SV=211, CEps=0.0535, QPEps=0.0249)
Iter 487: *(NumConst=223, SV=212, CEps=0.0595, QPEps=0.0257)
Iter 488: *(NumConst=224, SV=213, CEps=0.0565, QPEps=0.0261)
Iter 489: *(NumConst=225, SV=214, CEps=0.0582, QPEps=0.0254)
Iter 490: *(NumConst=224, SV=214, CEps=0.0533, QPEps=0.0240)
Iter 491: *(NumConst=225, SV=215, CEps=0.0479, QPEps=0.0237)
Iter 492: *(NumConst=226, SV=216, CEps=0.0569, QPEps=0.0238)
Iter 493: *(NumConst=227, SV=217, CEps=0.0601, QPEps=0.0235)
Iter 494: *(NumConst=228, SV=218, CEps=0.0607, QPEps=0.0239)
Iter 495: *(NumConst=229, SV=219, CEps=0.0524, QPEps=0.0224)
Iter 496: *(NumConst=230, SV=220, CEps=0.0532, QPEps=0.0237)
Iter 497: *(NumConst=229, SV=221, CEps=0.0556, QPEps=0.0222)
Iter 498: *(NumConst=230, SV=220, CEps=0.0466, QPEps=0.0224)
Iter 499: *(NumConst=231, SV=221, CEps=0.0549, QPEps=0.0206)
Iter 500: *(NumConst=232, SV=222, CEps=0.0534, QPEps=0.0203)
Iter 501: *(NumConst=233, SV=223, CEps=0.0514, QPEps=0.0223)
Iter 502: *(NumConst=233, SV=223, CEps=0.0530, QPEps=0.0210)
Iter 503: *(NumConst=234, SV=223, CEps=0.0504, QPEps=0.0228)
Iter 504: *(NumConst=235, SV=224, CEps=0.0540, QPEps=0.0227)
Iter 505: *(NumConst=236, SV=225, CEps=0.0503, QPEps=0.0226)
Iter 506: *(NumConst=237, SV=226, CEps=0.0522, QPEps=0.0210)
Iter 507: *(NumConst=238, SV=227, CEps=0.0458, QPEps=0.0205)
Iter 508: *(NumConst=239, SV=227, CEps=0.0427, QPEps=0.0194)
Iter 509: *(NumConst=239, SV=228, CEps=0.0511, QPEps=0.0206)
Iter 510: *(NumConst=240, SV=229, CEps=0.0453, QPEps=0.0213)
Iter 511: *(NumConst=241, SV=230, CEps=0.0492, QPEps=0.0208)
Iter 512: *(NumConst=242, SV=231, CEps=0.0531, QPEps=0.0212)
Iter 513: *(NumConst=243, SV=232, CEps=0.0455, QPEps=0.0202)
Iter 514: *(NumConst=244, SV=232, CEps=0.0436, QPEps=0.0209)
Iter 515: *(NumConst=245, SV=232, CEps=0.0528, QPEps=0.0201)
Iter 516: *(NumConst=246, SV=232, CEps=0.0357, QPEps=0.0177)
Iter 517: *(NumConst=247, SV=233, CEps=0.0545, QPEps=0.0175)
Iter 518: *(NumConst=248, SV=234, CEps=0.0467, QPEps=0.0168)
Iter 519: *(NumConst=249, SV=234, CEps=0.0477, QPEps=0.0177)
Iter 520: *(NumConst=250, SV=234, CEps=0.0552, QPEps=0.0175)
Iter 521: *(NumConst=249, SV=234, CEps=0.0469, QPEps=0.0169)
Iter 522: *(NumConst=250, SV=235, CEps=0.0478, QPEps=0.0170)
Iter 523: 