GNU gdb (Ubuntu 7.7.1-0ubuntu5~14.04.2) 7.7.1
Copyright (C) 2014 Free Software Foundation, Inc.
License GPLv3+: GNU GPL version 3 or later <http://gnu.org/licenses/gpl.html>
This is free software: you are free to change and redistribute it.
There is NO WARRANTY, to the extent permitted by law.  Type "show copying"
and "show warranty" for details.
This GDB was configured as "x86_64-linux-gnu".
Type "show configuration" for configuration details.
For bug reporting instructions, please see:
<http://www.gnu.org/software/gdb/bugs/>.
Find the GDB manual and other documentation resources online at:
<http://www.gnu.org/software/gdb/documentation/>.
For help, type "help".
Type "apropos word" to search for commands related to "word"...
Reading symbols from ./svm_struct/svm_empty_learn.app...done.
(gdb) run
Starting program: /home/hui/DNN_HW2/svm_struct/svm_empty_learn.app -c 0.1 -t 0 -d 1 -e 0.01 -l 1 -x 69 -z 0 /home/hui/model/train/train_gender_norm.svm ./model/test_0.1_0.01_hui.mdl
sparm->C: 0.100000
Reading training examples...feature dimension: 69 total utterence:3696 done
Iter 1: 
Program received signal SIGSEGV, Segmentation fault.
0x000000000041f0c8 in add_list_n_ns ()
(gdb) bt
#0  0x000000000041f0c8 in add_list_n_ns ()
#1  0x0000000000404d39 in svm_learn_struct_joint (sample=..., sparm=sparm@entry=0x7fffffffa4e0, lparm=lparm@entry=0x7fffffffe030, 
    kparm=kparm@entry=0x7fffffffdfc0, sm=sm@entry=0x7fffffffa4b0, alg_type=3) at svm_struct_learn.c:713
#2  0x0000000000401343 in main (argc=<optimized out>, argv=<optimized out>) at svm_struct_main.c:85
(gdb) quit
A debugging session is active.

	Inferior 1 [process 3713] will be killed.

Quit anyway? (y or n) 